[ INFO :2016-12-15 14:50:06],[com.betl.config.option.BetlConfiguration] - 加载xml文件/public.xml
[ INFO :2016-12-15 14:50:06],[com.betl.config.option.BetlConfiguration] - 加载properties文件/log4j.properties
[ INFO :2016-12-15 14:50:06],[com.betl.config.option.BetlConfiguration] - 加载输入参数-D{abc=abc}
[ INFO :2016-12-15 14:50:06],[com.betl.config.option.BetlConfiguration] - 加载xml文件/public.xml
[ INFO :2016-12-15 14:50:06],[com.betl.config.option.BetlConfiguration] - 加载properties文件/log4j.properties
[ INFO :2016-12-15 14:50:06],[com.betl.config.option.BetlConfiguration] - 加载输入参数-D{abc=abc}
[ INFO :2016-12-15 14:50:07],[com.betl.config.option.BetlConfiguration] - 加载xml文件/public.xml
[ INFO :2016-12-15 14:50:07],[com.betl.config.option.BetlConfiguration] - 加载properties文件/log4j.properties
[ INFO :2016-12-15 14:50:07],[com.betl.config.option.BetlConfiguration] - 加载输入参数-D{abc=abc}
[ INFO :2016-12-15 14:50:07],[com.betl.config.option.BetlConfiguration] - 加载xml文件/public.xml
[ INFO :2016-12-15 14:50:07],[com.betl.config.option.BetlConfiguration] - 加载properties文件/log4j.properties
[ INFO :2016-12-15 14:50:07],[com.betl.config.option.BetlConfiguration] - 加载输入参数-D{abc=abc}
[ INFO :2016-12-15 14:51:03],[com.betl.config.option.BetlConfiguration] - [getConfiguration]加载properties文件/log4j.properties
[ INFO :2016-12-15 14:51:03],[com.betl.config.option.BetlConfiguration] - [getConfiguration]加载输入参数-D{abc=abc}
[ INFO :2016-12-15 14:51:03],[com.betl.config.option.BetlConfiguration] - [getConfiguration]加载properties文件/log4j.properties
[ INFO :2016-12-15 14:51:03],[com.betl.config.option.BetlConfiguration] - [getConfiguration]加载输入参数-D{abc=abc}
[ INFO :2016-12-15 14:51:03],[com.betl.config.option.BetlConfiguration] - [getConfiguration]加载properties文件/log4j.properties
[ INFO :2016-12-15 14:51:03],[com.betl.config.option.BetlConfiguration] - [getConfiguration]加载输入参数-D{abc=abc}
[ INFO :2016-12-15 14:51:03],[com.betl.config.option.BetlConfiguration] - [getConfiguration]加载properties文件/log4j.properties
[ INFO :2016-12-15 14:51:03],[com.betl.config.option.BetlConfiguration] - [getConfiguration]加载输入参数-D{abc=abc}
